{
  "C:/Workspace/dev/ynov/angular/note/src/app/features/note/note-component/note.component.ts": {
    "path": "/home/nicolaswalter/Ynov/Coordination_Front-Back/Note/frontend/src/app/features/note/note-component/note.component.ts",
    "statementMap": {
      "0": {
        "start": {
          "line": 4,
          "column": 12
        },
        "end": {
          "line": 4,
          "column": 32
        }
      },
      "1": {
        "start": {
          "line": 4,
          "column": 18
        },
        "end": {
          "line": 4,
          "column": 32
        }
      },
      "2": {
        "start": {
          "line": 8,
          "column": 18
        },
        "end": {
          "line": 8,
          "column": 122
        }
      },
      "3": {
        "start": {
          "line": 8,
          "column": 70
        },
        "end": {
          "line": 8,
          "column": 120
        }
      },
      "4": {
        "start": {
          "line": 9,
          "column": 32
        },
        "end": {
          "line": 29,
          "column": 60
        }
      },
      "5": {
        "start": {
          "line": 9,
          "column": 240
        },
        "end": {
          "line": 20,
          "column": 9
        }
      },
      "6": {
        "start": {
          "line": 10,
          "column": 12
        },
        "end": {
          "line": 10,
          "column": 34
        }
      },
      "7": {
        "start": {
          "line": 11,
          "column": 12
        },
        "end": {
          "line": 11,
          "column": 25
        }
      },
      "8": {
        "start": {
          "line": 12,
          "column": 12
        },
        "end": {
          "line": 12,
          "column": 34
        }
      },
      "9": {
        "start": {
          "line": 13,
          "column": 12
        },
        "end": {
          "line": 13,
          "column": 25
        }
      },
      "10": {
        "start": {
          "line": 14,
          "column": 12
        },
        "end": {
          "line": 14,
          "column": 34
        }
      },
      "11": {
        "start": {
          "line": 15,
          "column": 12
        },
        "end": {
          "line": 15,
          "column": 25
        }
      },
      "12": {
        "start": {
          "line": 16,
          "column": 12
        },
        "end": {
          "line": 16,
          "column": 34
        }
      },
      "13": {
        "start": {
          "line": 17,
          "column": 12
        },
        "end": {
          "line": 17,
          "column": 41
        }
      },
      "14": {
        "start": {
          "line": 18,
          "column": 12
        },
        "end": {
          "line": 18,
          "column": 48
        }
      },
      "15": {
        "start": {
          "line": 19,
          "column": 12
        },
        "end": {
          "line": 19,
          "column": 30
        }
      },
      "16": {
        "start": {
          "line": 20,
          "column": 10
        },
        "end": {
          "line": 29,
          "column": 9
        }
      },
      "17": {
        "start": {
          "line": 21,
          "column": 12
        },
        "end": {
          "line": 21,
          "column": 27
        }
      },
      "18": {
        "start": {
          "line": 22,
          "column": 12
        },
        "end": {
          "line": 22,
          "column": 59
        }
      },
      "19": {
        "start": {
          "line": 23,
          "column": 12
        },
        "end": {
          "line": 23,
          "column": 28
        }
      },
      "20": {
        "start": {
          "line": 24,
          "column": 12
        },
        "end": {
          "line": 24,
          "column": 62
        }
      },
      "21": {
        "start": {
          "line": 25,
          "column": 12
        },
        "end": {
          "line": 25,
          "column": 28
        }
      },
      "22": {
        "start": {
          "line": 26,
          "column": 12
        },
        "end": {
          "line": 26,
          "column": 64
        }
      },
      "23": {
        "start": {
          "line": 27,
          "column": 12
        },
        "end": {
          "line": 27,
          "column": 28
        }
      },
      "24": {
        "start": {
          "line": 28,
          "column": 12
        },
        "end": {
          "line": 28,
          "column": 81
        }
      },
      "25": {
        "start": {
          "line": 31,
          "column": 0
        },
        "end": {
          "line": 31,
          "column": 219
        }
      },
      "26": {
        "start": {
          "line": 31,
          "column": 9
        },
        "end": {
          "line": 31,
          "column": 213
        }
      }
    },
    "fnMap": {
      "0": {
        "name": "(anonymous_0)",
        "decl": {
          "start": {
            "line": 4,
            "column": 12
          },
          "end": {
            "line": 4,
            "column": 13
          }
        },
        "loc": {
          "start": {
            "line": 4,
            "column": 18
          },
          "end": {
            "line": 4,
            "column": 32
          }
        },
        "line": 4
      },
      "1": {
        "name": "(anonymous_1)",
        "decl": {
          "start": {
            "line": 7,
            "column": 4
          },
          "end": {
            "line": 7,
            "column": 5
          }
        },
        "loc": {
          "start": {
            "line": 7,
            "column": 15
          },
          "end": {
            "line": 7,
            "column": 18
          }
        },
        "line": 7
      },
      "2": {
        "name": "NoteComponent_Factory",
        "decl": {
          "start": {
            "line": 8,
            "column": 27
          },
          "end": {
            "line": 8,
            "column": 48
          }
        },
        "loc": {
          "start": {
            "line": 8,
            "column": 68
          },
          "end": {
            "line": 8,
            "column": 122
          }
        },
        "line": 8
      },
      "3": {
        "name": "NoteComponent_Template",
        "decl": {
          "start": {
            "line": 9,
            "column": 206
          },
          "end": {
            "line": 9,
            "column": 228
          }
        },
        "loc": {
          "start": {
            "line": 9,
            "column": 238
          },
          "end": {
            "line": 29,
            "column": 11
          }
        },
        "line": 9
      },
      "4": {
        "name": "(anonymous_4)",
        "decl": {
          "start": {
            "line": 31,
            "column": 1
          },
          "end": {
            "line": 31,
            "column": 2
          }
        },
        "loc": {
          "start": {
            "line": 31,
            "column": 7
          },
          "end": {
            "line": 31,
            "column": 215
          }
        },
        "line": 31
      }
    },
    "branchMap": {
      "0": {
        "loc": {
          "start": {
            "line": 8,
            "column": 82
          },
          "end": {
            "line": 8,
            "column": 116
          }
        },
        "type": "binary-expr",
        "locations": [
          {
            "start": {
              "line": 8,
              "column": 82
            },
            "end": {
              "line": 8,
              "column": 99
            }
          },
          {
            "start": {
              "line": 8,
              "column": 103
            },
            "end": {
              "line": 8,
              "column": 116
            }
          }
        ],
        "line": 8
      },
      "1": {
        "loc": {
          "start": {
            "line": 9,
            "column": 240
          },
          "end": {
            "line": 20,
            "column": 9
          }
        },
        "type": "if",
        "locations": [
          {
            "start": {
              "line": 9,
              "column": 240
            },
            "end": {
              "line": 20,
              "column": 9
            }
          },
          {
            "start": {},
            "end": {}
          }
        ],
        "line": 9
      },
      "2": {
        "loc": {
          "start": {
            "line": 20,
            "column": 10
          },
          "end": {
            "line": 29,
            "column": 9
          }
        },
        "type": "if",
        "locations": [
          {
            "start": {
              "line": 20,
              "column": 10
            },
            "end": {
              "line": 29,
              "column": 9
            }
          },
          {
            "start": {},
            "end": {}
          }
        ],
        "line": 20
      },
      "3": {
        "loc": {
          "start": {
            "line": 31,
            "column": 9
          },
          "end": {
            "line": 31,
            "column": 212
          }
        },
        "type": "binary-expr",
        "locations": [
          {
            "start": {
              "line": 31,
              "column": 10
            },
            "end": {
              "line": 31,
              "column": 42
            }
          },
          {
            "start": {
              "line": 31,
              "column": 46
            },
            "end": {
              "line": 31,
              "column": 55
            }
          },
          {
            "start": {
              "line": 31,
              "column": 60
            },
            "end": {
              "line": 31,
              "column": 212
            }
          }
        ],
        "line": 31
      }
    },
    "s": {
      "0": 10,
      "1": 0,
      "2": 10,
      "3": 0,
      "4": 10,
      "5": 0,
      "6": 0,
      "7": 0,
      "8": 0,
      "9": 0,
      "10": 0,
      "11": 0,
      "12": 0,
      "13": 0,
      "14": 0,
      "15": 0,
      "16": 0,
      "17": 0,
      "18": 0,
      "19": 0,
      "20": 0,
      "21": 0,
      "22": 0,
      "23": 0,
      "24": 0,
      "25": 10,
      "26": 10
    },
    "f": {
      "0": 0,
      "1": 0,
      "2": 0,
      "3": 0,
      "4": 10
    },
    "b": {
      "0": [
        0,
        0
      ],
      "1": [
        0,
        0
      ],
      "2": [
        0,
        0
      ],
      "3": [
        10,
        10,
        10
      ]
    },
    "inputSourceMap": {
      "version": 3,
      "sources": [
        "C:/Workspace/dev/ynov/angular/note/src/app/features/note/note-component/note.component.ts"
      ],
      "names": [],
      "mappings": "AAAA,MAAM,CAAC,CAAC,CAAC,SAAS,CAAC,CAAC,KAAK,CAAC,CAAC,MAAM,CAAC,CAAC,CAAC,IAAI,CAAC,CAAC,CAAC,OAAO,CAAC,IAAI,CAAC,CAAC;AACzD,MAAM,CAAC,CAAC,CAAC,IAAI,CAAC,CAAC,CAAC,IAAI,CAAC,CAAC,CAAC,CAAC,CAAC,MAAM,CAAC,IAAI,CAAC,CAAC;AACtC,MAAM,CAAC,CAAC,CAAC,UAAU,CAAC,CAAC,CAAC,IAAI,CAAC,CAAC,CAAC,OAAO,CAAC,MAAM,CAAC,CAAC;AAC7C;AACA,CAAC,SAAS,CAAC,CAAC;AACZ,CAAC,CAAC,QAAQ,CAAC,CAAC,CAAC,GAAG,CAAC,IAAI,CAAC,SAAS,CAAC,CAAC;AACjC,CAAC,CAAC,UAAU,CAAC,CAAC,IAAI,CAAC;AACnB,CAAC,CAAC,OAAO,CAAC,CAAC,CAAC,UAAU,CAAC,CAAC;AACxB,CAAC,CAAC,WAAW,CAAC,CAAC,CAAC,CAAC,CAAC,IAAI,CAAC,SAAS,CAAC,IAAI,CAAC,CAAC;AACvC,CAAC,CAAC,QAAQ,CAAC,CAAC,CAAC,CAAC,CAAC,IAAI,CAAC,SAAS,CAAC,GAAG,CAAC,CAAC;AACnC,CAAC,CAAC;AACF,MAAM,CAAC,KAAK,CAAC,aAAa,CAAC,UAAU,CAAC,MAAM,CAAC,CAAC;AAC9C;AACA,CAAC,CAAC,CAAC,KAAK,CAAC,CAAC,CAAC,IAAI,CAAC,CAAC,CAAC,IAAI,CAAC;AACvB;AACA,CAAC,CAAC,QAAQ,CAAC,CAAC,CAAC,CAAC,IAAI,CAAC,CAAC,CAAC,CAAC,CAAC;AACvB;AACA,CAAC;"
    },
    "_coverageSchema": "1a1c01bbd47fc00a2c39e90264f33305004495a9",
    "hash": "df195317c90cba1a12ea6dbd329fe6efc9026898"
  },
  "C:/Workspace/dev/ynov/angular/note/src/app/core/services/note.service.ts": {
    "path": "/home/nicolaswalter/Ynov/Coordination_Front-Back/Note/frontend/src/app/core/services/note.service.ts",
    "statementMap": {
      "0": {
        "start": {
          "line": 5,
          "column": 11
        },
        "end": {
          "line": 5,
          "column": 29
        }
      },
      "1": {
        "start": {
          "line": 6,
          "column": 13
        },
        "end": {
          "line": 6,
          "column": 42
        }
      },
      "2": {
        "start": {
          "line": 8,
          "column": 8
        },
        "end": {
          "line": 8,
          "column": 42
        }
      },
      "3": {
        "start": {
          "line": 11,
          "column": 8
        },
        "end": {
          "line": 11,
          "column": 53
        }
      },
      "4": {
        "start": {
          "line": 14,
          "column": 8
        },
        "end": {
          "line": 14,
          "column": 56
        }
      },
      "5": {
        "start": {
          "line": 16,
          "column": 18
        },
        "end": {
          "line": 16,
          "column": 118
        }
      },
      "6": {
        "start": {
          "line": 16,
          "column": 68
        },
        "end": {
          "line": 16,
          "column": 116
        }
      },
      "7": {
        "start": {
          "line": 17,
          "column": 33
        },
        "end": {
          "line": 17,
          "column": 125
        }
      }
    },
    "fnMap": {
      "0": {
        "name": "(anonymous_0)",
        "decl": {
          "start": {
            "line": 7,
            "column": 4
          },
          "end": {
            "line": 7,
            "column": 5
          }
        },
        "loc": {
          "start": {
            "line": 7,
            "column": 15
          },
          "end": {
            "line": 9,
            "column": 5
          }
        },
        "line": 7
      },
      "1": {
        "name": "(anonymous_1)",
        "decl": {
          "start": {
            "line": 10,
            "column": 4
          },
          "end": {
            "line": 10,
            "column": 5
          }
        },
        "loc": {
          "start": {
            "line": 10,
            "column": 20
          },
          "end": {
            "line": 12,
            "column": 5
          }
        },
        "line": 10
      },
      "2": {
        "name": "(anonymous_2)",
        "decl": {
          "start": {
            "line": 13,
            "column": 4
          },
          "end": {
            "line": 13,
            "column": 5
          }
        },
        "loc": {
          "start": {
            "line": 13,
            "column": 23
          },
          "end": {
            "line": 15,
            "column": 5
          }
        },
        "line": 13
      },
      "3": {
        "name": "NoteService_Factory",
        "decl": {
          "start": {
            "line": 16,
            "column": 27
          },
          "end": {
            "line": 16,
            "column": 46
          }
        },
        "loc": {
          "start": {
            "line": 16,
            "column": 66
          },
          "end": {
            "line": 16,
            "column": 118
          }
        },
        "line": 16
      }
    },
    "branchMap": {
      "0": {
        "loc": {
          "start": {
            "line": 16,
            "column": 80
          },
          "end": {
            "line": 16,
            "column": 112
          }
        },
        "type": "binary-expr",
        "locations": [
          {
            "start": {
              "line": 16,
              "column": 80
            },
            "end": {
              "line": 16,
              "column": 97
            }
          },
          {
            "start": {
              "line": 16,
              "column": 101
            },
            "end": {
              "line": 16,
              "column": 112
            }
          }
        ],
        "line": 16
      }
    },
    "s": {
      "0": 4,
      "1": 4,
      "2": 4,
      "3": 0,
      "4": 0,
      "5": 10,
      "6": 4,
      "7": 10
    },
    "f": {
      "0": 4,
      "1": 0,
      "2": 0,
      "3": 4
    },
    "b": {
      "0": [
        4,
        4
      ]
    },
    "inputSourceMap": {
      "version": 3,
      "sources": [
        "C:/Workspace/dev/ynov/angular/note/src/app/core/services/note.service.ts"
      ],
      "names": [],
      "mappings": "AAAA,MAAM,CAAC,CAAC,CAAC,UAAU,CAAC,CAAC,CAAC,IAAI,CAAC,CAAC,CAAC,OAAO,CAAC,MAAM,CAAC,IAAI,CAAC,CAAC;AAClD,MAAM,CAAC,CAAC,CAAC,MAAM,CAAC,CAAC,UAAU,CAAC,CAAC,CAAC,IAAI,CAAC,CAAC,CAAC,OAAO,CAAC,IAAI,CAAC,CAAC;AACnD,MAAM,CAAC,CAAC,CAAC,IAAI,CAAC,CAAC,CAAC,IAAI,CAAC,CAAC,CAAC,CAAC,CAAC,CAAC,CAAC,CAAC,QAAQ,CAAC,IAAI,CAAC,MAAM,CAAC,IAAI,CAAC,CAAC;AACvD,MAAM,CAAC,CAAC,CAAC,UAAU,CAAC,CAAC,CAAC,IAAI,CAAC,CAAC,IAAI,CAAC,CAAC;AAClC;AACA,CAAC,UAAU,CAAC,CAAC;AACb,CAAC,CAAC,CAAC,CAAC,UAAU,CAAC,CAAC,CAAC,IAAI,CAAC;AACtB,CAAC,CAAC;AACF,MAAM,CAAC,KAAK,CAAC,WAAW,CAAC,CAAC;AAC1B,CAAC,CAAC,CAAC,CAAC,OAAO,CAAC,IAAI,CAAC,CAAC,CAAC,MAAM,CAAC,UAAU,CAAC,CAAC;AACtC,CAAC,CAAC,CAAC,CAAC,OAAO,CAAC,QAAQ,CAAC,MAAM,CAAC,CAAC,CAAC,CAAC,IAAI,CAAC,CAAC,CAAC,SAAS,CAAC,IAAI,CAAC,KAAK,CAAC,CAAC;AAC5D;AACA,CAAC,CAAC,CAAC,CAAC,MAAM,CAAC,QAAQ,CAAC,CAAC,CAAC,UAAU,CAAC,IAAI,CAAC,CAAC,CAAC,CAAC,CAAC;AAC1C,CAAC,CAAC,CAAC,CAAC,CAAC,CAAC,CAAC,CAAC,MAAM,CAAC,IAAI,CAAC,IAAI,CAAC,GAAG,CAAC,IAAI,CAAC,CAAC,CAAC,CAAC,IAAI,CAAC,MAAM,CAAC,CAAC;AAClD,CAAC,CAAC,CAAC,CAAC,CAAC;AACL;AACA,CAAC,CAAC,CAAC,CAAC,MAAM,CAAC,WAAW,CAAC,EAAE,CAAC,CAAC,MAAM,CAAC,CAAC,UAAU,CAAC,IAAI,CAAC,CAAC,CAAC;AACrD,CAAC,CAAC,CAAC,CAAC,CAAC,CAAC,CAAC,CAAC,MAAM,CAAC,IAAI,CAAC,IAAI,CAAC,GAAG,CAAC,IAAI,CAAC,CAAC,CAAC,CAAC,CAAC,IAAI,CAAC,MAAM,CAAC,CAAC,CAAC,CAAC,EAAE,CAAC,CAAC,CAAC,CAAC;AAC3D,CAAC,CAAC,CAAC,CAAC,CAAC;AACL;AACA,CAAC,CAAC,CAAC,CAAC,MAAM,CAAC,cAAc,CAAC,EAAE,CAAC,CAAC,MAAM,CAAC,CAAC,UAAU,CAAC,MAAM,CAAC,CAAC,CAAC;AAC1D,CAAC,CAAC,CAAC,CAAC,CAAC,CAAC,CAAC,CAAC,MAAM,CAAC,IAAI,CAAC,IAAI,CAAC,MAAM,CAAC,CAAC,CAAC,CAAC,IAAI,CAAC,MAAM,CAAC,CAAC,CAAC,CAAC,EAAE,CAAC,CAAC,CAAC,CAAC;AACxD,CAAC,CAAC,CAAC,CAAC,CAAC;AACL;AACA"
    },
    "_coverageSchema": "1a1c01bbd47fc00a2c39e90264f33305004495a9",
    "hash": "3bb712a92678789683645b37f25a04dda1b32595"
  },
  "C:/Workspace/dev/ynov/angular/note/src/app/features/note/note-list-component/note-list.component.ts": {
    "path": "/home/nicolaswalter/Ynov/Coordination_Front-Back/Note/frontend/src/app/features/note/note-list-component/note-list.component.ts",
    "statementMap": {
      "0": {
        "start": {
          "line": 5,
          "column": 53
        },
        "end": {
          "line": 7,
          "column": 1
        }
      },
      "1": {
        "start": {
          "line": 6,
          "column": 4
        },
        "end": {
          "line": 6,
          "column": 45
        }
      },
      "2": {
        "start": {
          "line": 7,
          "column": 2
        },
        "end": {
          "line": 10,
          "column": 1
        }
      },
      "3": {
        "start": {
          "line": 8,
          "column": 20
        },
        "end": {
          "line": 8,
          "column": 33
        }
      },
      "4": {
        "start": {
          "line": 9,
          "column": 4
        },
        "end": {
          "line": 9,
          "column": 35
        }
      },
      "5": {
        "start": {
          "line": 11,
          "column": 58
        },
        "end": {
          "line": 15,
          "column": 1
        }
      },
      "6": {
        "start": {
          "line": 12,
          "column": 4
        },
        "end": {
          "line": 12,
          "column": 30
        }
      },
      "7": {
        "start": {
          "line": 13,
          "column": 4
        },
        "end": {
          "line": 13,
          "column": 49
        }
      },
      "8": {
        "start": {
          "line": 14,
          "column": 4
        },
        "end": {
          "line": 14,
          "column": 22
        }
      },
      "9": {
        "start": {
          "line": 17,
          "column": 18
        },
        "end": {
          "line": 17,
          "column": 37
        }
      },
      "10": {
        "start": {
          "line": 18,
          "column": 10
        },
        "end": {
          "line": 18,
          "column": 35
        }
      },
      "11": {
        "start": {
          "line": 19,
          "column": 12
        },
        "end": {
          "line": 19,
          "column": 14
        }
      },
      "12": {
        "start": {
          "line": 21,
          "column": 8
        },
        "end": {
          "line": 32,
          "column": 11
        }
      },
      "13": {
        "start": {
          "line": 24,
          "column": 16
        },
        "end": {
          "line": 24,
          "column": 41
        }
      },
      "14": {
        "start": {
          "line": 25,
          "column": 16
        },
        "end": {
          "line": 25,
          "column": 36
        }
      },
      "15": {
        "start": {
          "line": 26,
          "column": 16
        },
        "end": {
          "line": 26,
          "column": 40
        }
      },
      "16": {
        "start": {
          "line": 29,
          "column": 16
        },
        "end": {
          "line": 29,
          "column": 56
        }
      },
      "17": {
        "start": {
          "line": 30,
          "column": 16
        },
        "end": {
          "line": 30,
          "column": 40
        }
      },
      "18": {
        "start": {
          "line": 34,
          "column": 18
        },
        "end": {
          "line": 34,
          "column": 130
        }
      },
      "19": {
        "start": {
          "line": 34,
          "column": 74
        },
        "end": {
          "line": 34,
          "column": 128
        }
      },
      "20": {
        "start": {
          "line": 35,
          "column": 32
        },
        "end": {
          "line": 39,
          "column": 63
        }
      },
      "21": {
        "start": {
          "line": 35,
          "column": 221
        },
        "end": {
          "line": 37,
          "column": 9
        }
      },
      "22": {
        "start": {
          "line": 36,
          "column": 12
        },
        "end": {
          "line": 36,
          "column": 184
        }
      },
      "23": {
        "start": {
          "line": 37,
          "column": 10
        },
        "end": {
          "line": 39,
          "column": 9
        }
      },
      "24": {
        "start": {
          "line": 38,
          "column": 12
        },
        "end": {
          "line": 38,
          "column": 37
        }
      },
      "25": {
        "start": {
          "line": 41,
          "column": 0
        },
        "end": {
          "line": 41,
          "column": 237
        }
      },
      "26": {
        "start": {
          "line": 41,
          "column": 9
        },
        "end": {
          "line": 41,
          "column": 231
        }
      }
    },
    "fnMap": {
      "0": {
        "name": "NoteListComponent_For_1_Template",
        "decl": {
          "start": {
            "line": 5,
            "column": 9
          },
          "end": {
            "line": 5,
            "column": 41
          }
        },
        "loc": {
          "start": {
            "line": 5,
            "column": 51
          },
          "end": {
            "line": 10,
            "column": 3
          }
        },
        "line": 5
      },
      "1": {
        "name": "NoteListComponent_ForEmpty_2_Template",
        "decl": {
          "start": {
            "line": 11,
            "column": 9
          },
          "end": {
            "line": 11,
            "column": 46
          }
        },
        "loc": {
          "start": {
            "line": 11,
            "column": 56
          },
          "end": {
            "line": 15,
            "column": 3
          }
        },
        "line": 11
      },
      "2": {
        "name": "(anonymous_2)",
        "decl": {
          "start": {
            "line": 20,
            "column": 4
          },
          "end": {
            "line": 20,
            "column": 5
          }
        },
        "loc": {
          "start": {
            "line": 20,
            "column": 15
          },
          "end": {
            "line": 33,
            "column": 5
          }
        },
        "line": 20
      },
      "3": {
        "name": "(anonymous_3)",
        "decl": {
          "start": {
            "line": 23,
            "column": 18
          },
          "end": {
            "line": 23,
            "column": 19
          }
        },
        "loc": {
          "start": {
            "line": 23,
            "column": 29
          },
          "end": {
            "line": 27,
            "column": 13
          }
        },
        "line": 23
      },
      "4": {
        "name": "(anonymous_4)",
        "decl": {
          "start": {
            "line": 28,
            "column": 19
          },
          "end": {
            "line": 28,
            "column": 20
          }
        },
        "loc": {
          "start": {
            "line": 28,
            "column": 28
          },
          "end": {
            "line": 31,
            "column": 13
          }
        },
        "line": 28
      },
      "5": {
        "name": "NoteListComponent_Factory",
        "decl": {
          "start": {
            "line": 34,
            "column": 27
          },
          "end": {
            "line": 34,
            "column": 52
          }
        },
        "loc": {
          "start": {
            "line": 34,
            "column": 72
          },
          "end": {
            "line": 34,
            "column": 130
          }
        },
        "line": 34
      },
      "6": {
        "name": "NoteListComponent_Template",
        "decl": {
          "start": {
            "line": 35,
            "column": 183
          },
          "end": {
            "line": 35,
            "column": 209
          }
        },
        "loc": {
          "start": {
            "line": 35,
            "column": 219
          },
          "end": {
            "line": 39,
            "column": 11
          }
        },
        "line": 35
      },
      "7": {
        "name": "(anonymous_7)",
        "decl": {
          "start": {
            "line": 41,
            "column": 1
          },
          "end": {
            "line": 41,
            "column": 2
          }
        },
        "loc": {
          "start": {
            "line": 41,
            "column": 7
          },
          "end": {
            "line": 41,
            "column": 233
          }
        },
        "line": 41
      }
    },
    "branchMap": {
      "0": {
        "loc": {
          "start": {
            "line": 5,
            "column": 53
          },
          "end": {
            "line": 7,
            "column": 1
          }
        },
        "type": "if",
        "locations": [
          {
            "start": {
              "line": 5,
              "column": 53
            },
            "end": {
              "line": 7,
              "column": 1
            }
          },
          {
            "start": {},
            "end": {}
          }
        ],
        "line": 5
      },
      "1": {
        "loc": {
          "start": {
            "line": 7,
            "column": 2
          },
          "end": {
            "line": 10,
            "column": 1
          }
        },
        "type": "if",
        "locations": [
          {
            "start": {
              "line": 7,
              "column": 2
            },
            "end": {
              "line": 10,
              "column": 1
            }
          },
          {
            "start": {},
            "end": {}
          }
        ],
        "line": 7
      },
      "2": {
        "loc": {
          "start": {
            "line": 11,
            "column": 58
          },
          "end": {
            "line": 15,
            "column": 1
          }
        },
        "type": "if",
        "locations": [
          {
            "start": {
              "line": 11,
              "column": 58
            },
            "end": {
              "line": 15,
              "column": 1
            }
          },
          {
            "start": {},
            "end": {}
          }
        ],
        "line": 11
      },
      "3": {
        "loc": {
          "start": {
            "line": 24,
            "column": 29
          },
          "end": {
            "line": 24,
            "column": 40
          }
        },
        "type": "binary-expr",
        "locations": [
          {
            "start": {
              "line": 24,
              "column": 29
            },
            "end": {
              "line": 24,
              "column": 34
            }
          },
          {
            "start": {
              "line": 24,
              "column": 38
            },
            "end": {
              "line": 24,
              "column": 40
            }
          }
        ],
        "line": 24
      },
      "4": {
        "loc": {
          "start": {
            "line": 34,
            "column": 86
          },
          "end": {
            "line": 34,
            "column": 124
          }
        },
        "type": "binary-expr",
        "locations": [
          {
            "start": {
              "line": 34,
              "column": 86
            },
            "end": {
              "line": 34,
              "column": 103
            }
          },
          {
            "start": {
              "line": 34,
              "column": 107
            },
            "end": {
              "line": 34,
              "column": 124
            }
          }
        ],
        "line": 34
      },
      "5": {
        "loc": {
          "start": {
            "line": 35,
            "column": 221
          },
          "end": {
            "line": 37,
            "column": 9
          }
        },
        "type": "if",
        "locations": [
          {
            "start": {
              "line": 35,
              "column": 221
            },
            "end": {
              "line": 37,
              "column": 9
            }
          },
          {
            "start": {},
            "end": {}
          }
        ],
        "line": 35
      },
      "6": {
        "loc": {
          "start": {
            "line": 37,
            "column": 10
          },
          "end": {
            "line": 39,
            "column": 9
          }
        },
        "type": "if",
        "locations": [
          {
            "start": {
              "line": 37,
              "column": 10
            },
            "end": {
              "line": 39,
              "column": 9
            }
          },
          {
            "start": {},
            "end": {}
          }
        ],
        "line": 37
      },
      "7": {
        "loc": {
          "start": {
            "line": 41,
            "column": 9
          },
          "end": {
            "line": 41,
            "column": 230
          }
        },
        "type": "binary-expr",
        "locations": [
          {
            "start": {
              "line": 41,
              "column": 10
            },
            "end": {
              "line": 41,
              "column": 42
            }
          },
          {
            "start": {
              "line": 41,
              "column": 46
            },
            "end": {
              "line": 41,
              "column": 55
            }
          },
          {
            "start": {
              "line": 41,
              "column": 60
            },
            "end": {
              "line": 41,
              "column": 230
            }
          }
        ],
        "line": 41
      }
    },
    "s": {
      "0": 0,
      "1": 0,
      "2": 0,
      "3": 0,
      "4": 0,
      "5": 20,
      "6": 4,
      "7": 4,
      "8": 4,
      "9": 4,
      "10": 4,
      "11": 4,
      "12": 4,
      "13": 4,
      "14": 4,
      "15": 4,
      "16": 0,
      "17": 0,
      "18": 10,
      "19": 4,
      "20": 10,
      "21": 20,
      "22": 4,
      "23": 20,
      "24": 16,
      "25": 10,
      "26": 10
    },
    "f": {
      "0": 0,
      "1": 20,
      "2": 4,
      "3": 4,
      "4": 0,
      "5": 4,
      "6": 20,
      "7": 10
    },
    "b": {
      "0": [
        0,
        0
      ],
      "1": [
        0,
        0
      ],
      "2": [
        4,
        16
      ],
      "3": [
        4,
        0
      ],
      "4": [
        4,
        4
      ],
      "5": [
        4,
        16
      ],
      "6": [
        16,
        4
      ],
      "7": [
        10,
        10,
        10
      ]
    },
    "inputSourceMap": {
      "version": 3,
      "sources": [
        "C:/Workspace/dev/ynov/angular/note/src/app/features/note/note-list-component/note-list.component.ts"
      ],
      "names": [],
      "mappings": "AAAA,MAAM,CAAC,CAAC,CAAC,iBAAiB,CAAC,CAAC,SAAS,CAAC,CAAC,UAAU,CAAC,CAAC,MAAM,CAAC,CAAC,MAAM,CAAC,CAAC,CAAC,IAAI,CAAC,CAAC,CAAC,OAAO,CAAC,IAAI,CAAC,CAAC;AACzF,MAAM,CAAC,CAAC,CAAC,IAAI,CAAC,CAAC,CAAC,IAAI,CAAC,CAAC,CAAC,CAAC,CAAC,MAAM,CAAC,IAAI,CAAC,CAAC;AACtC,MAAM,CAAC,CAAC,CAAC,aAAa,CAAC,CAAC,CAAC,IAAI,CAAC,CAAC,CAAC,CAAC,CAAC,IAAI,CAAC,SAAS,CAAC,IAAI,CAAC,SAAS,CAAC,CAAC;AACjE,MAAM,CAAC,CAAC,CAAC,WAAW,CAAC,CAAC,CAAC,IAAI,CAAC,CAAC,CAAC,CAAC,CAAC,CAAC,CAAC,CAAC,CAAC,CAAC,CAAC,IAAI,CAAC,QAAQ,CAAC,IAAI,CAAC,OAAO,CAAC,CAAC;AAClE;AACA,CAAC,SAAS,CAAC,CAAC;AACZ,CAAC,CAAC,QAAQ,CAAC,CAAC,CAAC,GAAG,CAAC,IAAI,CAAC,IAAI,CAAC,SAAS,CAAC,CAAC;AACtC,CAAC,CAAC,UAAU,CAAC,CAAC,IAAI,CAAC;AACnB,CAAC,CAAC,OAAO,CAAC,CAAC,CAAC,aAAa,CAAC,CAAC;AAC3B,CAAC,CAAC,WAAW,CAAC,CAAC,CAAC,CAAC,CAAC,IAAI,CAAC,IAAI,CAAC,SAAS,CAAC,IAAI,CAAC,CAAC;AAC5C,CAAC,CAAC,QAAQ,CAAC,CAAC,CAAC,CAAC,CAAC,IAAI,CAAC,IAAI,CAAC,SAAS,CAAC,GAAG,CAAC,CAAC;AACxC,CAAC,CAAC;AACF,MAAM,CAAC,KAAK,CAAC,iBAAiB,CAAC,UAAU,CAAC,MAAM,CAAC,CAAC;AAClD,CAAC,CAAC,OAAO,CAAC,WAAW,CAAC,CAAC,CAAC,MAAM,CAAC,WAAW,CAAC,CAAC;AAC5C,CAAC,CAAC,OAAO,CAAC,GAAG,CAAC,CAAC,CAAC,MAAM,CAAC,iBAAiB,CAAC,CAAC;AAC1C;AACA,CAAC,CAAC,KAAK,CAAC,CAAC,IAAI,CAAC,CAAC,CAAC,CAAC,CAAC,CAAC,CAAC,CAAC;AACrB;AACA,CAAC,CAAC,QAAQ,CAAC,CAAC,CAAC,CAAC,IAAI,CAAC,CAAC;AACpB,CAAC,CAAC,CAAC,CAAC,IAAI,CAAC,WAAW,CAAC,QAAQ,CAAC,CAAC;AAC/B,CAAC,CAAC,CAAC,CAAC,CAAC,SAAS,CAAC,CAAC;AAChB,CAAC,CAAC,CAAC,CAAC,CAAC,CAAC,IAAI,CAAC,CAAC,KAAK,CAAC,CAAC,CAAC,CAAC,CAAC,CAAC;AACvB,CAAC,CAAC,CAAC,CAAC,CAAC,CAAC,CAAC,CAAC,IAAI,CAAC,KAAK,CAAC,CAAC,CAAC,KAAK,CAAC,CAAC,CAAC,CAAC,CAAC,CAAC,CAAC;AACjC,CAAC,CAAC,CAAC,CAAC,CAAC,CAAC,CAAC,CAAC,OAAO,CAAC,IAAI,CAAC,KAAK,CAAC;AAC3B,CAAC,CAAC,CAAC,CAAC,CAAC,CAAC,CAAC,CAAC,IAAI,CAAC,GAAG,CAAC,YAAY,CAAC,CAAC,CAAC;AAChC,CAAC,CAAC,CAAC,CAAC,CAAC,CAAC,CAAC,CAAC;AACR,CAAC,CAAC,CAAC,CAAC,CAAC,CAAC,KAAK,CAAC,CAAC,CAAC,GAAG,CAAC,CAAC,CAAC,CAAC,CAAC,CAAC;AACvB,CAAC,CAAC,CAAC,CAAC,CAAC,CAAC,CAAC,CAAC,OAAO,CAAC,KAAK,CAAC,CAAC,IAAI,CAAC,GAAG,CAAC,KAAK,CAAC,CAAC,CAAC,CAAC,CAAC,CAAC,GAAG,CAAC,CAAC;AAChD,CAAC,CAAC,CAAC,CAAC,CAAC,CAAC,CAAC,CAAC,IAAI,CAAC,GAAG,CAAC,YAAY,CAAC,CAAC,CAAC;AAChC,CAAC,CAAC,CAAC,CAAC,CAAC,CAAC,CAAC;AACP,CAAC,CAAC,CAAC,CAAC,CAAC,CAAC,CAAC;AACP,CAAC,CAAC,CAAC;AACH"
    },
    "_coverageSchema": "1a1c01bbd47fc00a2c39e90264f33305004495a9",
    "hash": "773e17b37fed5af2aaced68b6902c49b4ff16c4c"
  },
  "C:/Workspace/dev/ynov/angular/note/src/app/features/note/note-detail-component/note-detail.component.ts": {
    "path": "/home/nicolaswalter/Ynov/Coordination_Front-Back/Note/frontend/src/app/features/note/note-detail-component/note-detail.component.ts",
    "statementMap": {
      "0": {
        "start": {
          "line": 5,
          "column": 63
        },
        "end": {
          "line": 24,
          "column": 1
        }
      },
      "1": {
        "start": {
          "line": 6,
          "column": 16
        },
        "end": {
          "line": 6,
          "column": 37
        }
      },
      "2": {
        "start": {
          "line": 7,
          "column": 4
        },
        "end": {
          "line": 7,
          "column": 31
        }
      },
      "3": {
        "start": {
          "line": 8,
          "column": 4
        },
        "end": {
          "line": 8,
          "column": 43
        }
      },
      "4": {
        "start": {
          "line": 9,
          "column": 4
        },
        "end": {
          "line": 9,
          "column": 22
        }
      },
      "5": {
        "start": {
          "line": 10,
          "column": 4
        },
        "end": {
          "line": 10,
          "column": 43
        }
      },
      "6": {
        "start": {
          "line": 11,
          "column": 4
        },
        "end": {
          "line": 11,
          "column": 28
        }
      },
      "7": {
        "start": {
          "line": 12,
          "column": 4
        },
        "end": {
          "line": 12,
          "column": 22
        }
      },
      "8": {
        "start": {
          "line": 13,
          "column": 4
        },
        "end": {
          "line": 13,
          "column": 17
        }
      },
      "9": {
        "start": {
          "line": 14,
          "column": 4
        },
        "end": {
          "line": 14,
          "column": 22
        }
      },
      "10": {
        "start": {
          "line": 15,
          "column": 4
        },
        "end": {
          "line": 15,
          "column": 43
        }
      },
      "11": {
        "start": {
          "line": 16,
          "column": 4
        },
        "end": {
          "line": 16,
          "column": 30
        }
      },
      "12": {
        "start": {
          "line": 17,
          "column": 4
        },
        "end": {
          "line": 17,
          "column": 22
        }
      },
      "13": {
        "start": {
          "line": 18,
          "column": 4
        },
        "end": {
          "line": 18,
          "column": 17
        }
      },
      "14": {
        "start": {
          "line": 19,
          "column": 4
        },
        "end": {
          "line": 19,
          "column": 22
        }
      },
      "15": {
        "start": {
          "line": 20,
          "column": 4
        },
        "end": {
          "line": 20,
          "column": 39
        }
      },
      "16": {
        "start": {
          "line": 21,
          "column": 4
        },
        "end": {
          "line": 21,
          "column": 209
        }
      },
      "17": {
        "start": {
          "line": 21,
          "column": 108
        },
        "end": {
          "line": 21,
          "column": 130
        }
      },
      "18": {
        "start": {
          "line": 21,
          "column": 146
        },
        "end": {
          "line": 21,
          "column": 164
        }
      },
      "19": {
        "start": {
          "line": 21,
          "column": 166
        },
        "end": {
          "line": 21,
          "column": 205
        }
      },
      "20": {
        "start": {
          "line": 22,
          "column": 4
        },
        "end": {
          "line": 22,
          "column": 28
        }
      },
      "21": {
        "start": {
          "line": 23,
          "column": 4
        },
        "end": {
          "line": 23,
          "column": 22
        }
      },
      "22": {
        "start": {
          "line": 24,
          "column": 2
        },
        "end": {
          "line": 30,
          "column": 1
        }
      },
      "23": {
        "start": {
          "line": 25,
          "column": 19
        },
        "end": {
          "line": 25,
          "column": 37
        }
      },
      "24": {
        "start": {
          "line": 26,
          "column": 4
        },
        "end": {
          "line": 26,
          "column": 20
        }
      },
      "25": {
        "start": {
          "line": 27,
          "column": 4
        },
        "end": {
          "line": 27,
          "column": 50
        }
      },
      "26": {
        "start": {
          "line": 28,
          "column": 4
        },
        "end": {
          "line": 28,
          "column": 20
        }
      },
      "27": {
        "start": {
          "line": 29,
          "column": 4
        },
        "end": {
          "line": 29,
          "column": 52
        }
      },
      "28": {
        "start": {
          "line": 32,
          "column": 13
        },
        "end": {
          "line": 32,
          "column": 27
        }
      },
      "29": {
        "start": {
          "line": 33,
          "column": 12
        },
        "end": {
          "line": 33,
          "column": 34
        }
      },
      "30": {
        "start": {
          "line": 34,
          "column": 18
        },
        "end": {
          "line": 34,
          "column": 37
        }
      },
      "31": {
        "start": {
          "line": 35,
          "column": 11
        },
        "end": {
          "line": 35,
          "column": 43
        }
      },
      "32": {
        "start": {
          "line": 36,
          "column": 9
        },
        "end": {
          "line": 36,
          "column": 47
        }
      },
      "33": {
        "start": {
          "line": 38,
          "column": 8
        },
        "end": {
          "line": 40,
          "column": 9
        }
      },
      "34": {
        "start": {
          "line": 39,
          "column": 12
        },
        "end": {
          "line": 39,
          "column": 19
        }
      },
      "35": {
        "start": {
          "line": 41,
          "column": 8
        },
        "end": {
          "line": 48,
          "column": 11
        }
      },
      "36": {
        "start": {
          "line": 43,
          "column": 16
        },
        "end": {
          "line": 43,
          "column": 49
        }
      },
      "37": {
        "start": {
          "line": 46,
          "column": 16
        },
        "end": {
          "line": 46,
          "column": 56
        }
      },
      "38": {
        "start": {
          "line": 50,
          "column": 18
        },
        "end": {
          "line": 50,
          "column": 134
        }
      },
      "39": {
        "start": {
          "line": 50,
          "column": 76
        },
        "end": {
          "line": 50,
          "column": 132
        }
      },
      "40": {
        "start": {
          "line": 51,
          "column": 32
        },
        "end": {
          "line": 59,
          "column": 60
        }
      },
      "41": {
        "start": {
          "line": 51,
          "column": 287
        },
        "end": {
          "line": 56,
          "column": 9
        }
      },
      "42": {
        "start": {
          "line": 52,
          "column": 12
        },
        "end": {
          "line": 52,
          "column": 51
        }
      },
      "43": {
        "start": {
          "line": 53,
          "column": 12
        },
        "end": {
          "line": 53,
          "column": 51
        }
      },
      "44": {
        "start": {
          "line": 54,
          "column": 12
        },
        "end": {
          "line": 54,
          "column": 32
        }
      },
      "45": {
        "start": {
          "line": 55,
          "column": 12
        },
        "end": {
          "line": 55,
          "column": 89
        }
      },
      "46": {
        "start": {
          "line": 56,
          "column": 10
        },
        "end": {
          "line": 59,
          "column": 9
        }
      },
      "47": {
        "start": {
          "line": 57,
          "column": 12
        },
        "end": {
          "line": 57,
          "column": 28
        }
      },
      "48": {
        "start": {
          "line": 58,
          "column": 12
        },
        "end": {
          "line": 58,
          "column": 48
        }
      },
      "49": {
        "start": {
          "line": 61,
          "column": 0
        },
        "end": {
          "line": 61,
          "column": 245
        }
      },
      "50": {
        "start": {
          "line": 61,
          "column": 9
        },
        "end": {
          "line": 61,
          "column": 239
        }
      }
    },
    "fnMap": {
      "0": {
        "name": "NoteDetailComponent_Conditional_3_Template",
        "decl": {
          "start": {
            "line": 5,
            "column": 9
          },
          "end": {
            "line": 5,
            "column": 51
          }
        },
        "loc": {
          "start": {
            "line": 5,
            "column": 61
          },
          "end": {
            "line": 30,
            "column": 3
          }
        },
        "line": 5
      },
      "1": {
        "name": "NoteDetailComponent_Conditional_3_Template_button_click_10_listener",
        "decl": {
          "start": {
            "line": 21,
            "column": 36
          },
          "end": {
            "line": 21,
            "column": 103
          }
        },
        "loc": {
          "start": {
            "line": 21,
            "column": 106
          },
          "end": {
            "line": 21,
            "column": 207
          }
        },
        "line": 21
      },
      "2": {
        "name": "(anonymous_2)",
        "decl": {
          "start": {
            "line": 37,
            "column": 4
          },
          "end": {
            "line": 37,
            "column": 5
          }
        },
        "loc": {
          "start": {
            "line": 37,
            "column": 13
          },
          "end": {
            "line": 49,
            "column": 5
          }
        },
        "line": 37
      },
      "3": {
        "name": "(anonymous_3)",
        "decl": {
          "start": {
            "line": 42,
            "column": 18
          },
          "end": {
            "line": 42,
            "column": 19
          }
        },
        "loc": {
          "start": {
            "line": 42,
            "column": 27
          },
          "end": {
            "line": 44,
            "column": 13
          }
        },
        "line": 42
      },
      "4": {
        "name": "(anonymous_4)",
        "decl": {
          "start": {
            "line": 45,
            "column": 19
          },
          "end": {
            "line": 45,
            "column": 20
          }
        },
        "loc": {
          "start": {
            "line": 45,
            "column": 28
          },
          "end": {
            "line": 47,
            "column": 13
          }
        },
        "line": 45
      },
      "5": {
        "name": "NoteDetailComponent_Factory",
        "decl": {
          "start": {
            "line": 50,
            "column": 27
          },
          "end": {
            "line": 50,
            "column": 54
          }
        },
        "loc": {
          "start": {
            "line": 50,
            "column": 74
          },
          "end": {
            "line": 50,
            "column": 134
          }
        },
        "line": 50
      },
      "6": {
        "name": "NoteDetailComponent_Template",
        "decl": {
          "start": {
            "line": 51,
            "column": 247
          },
          "end": {
            "line": 51,
            "column": 275
          }
        },
        "loc": {
          "start": {
            "line": 51,
            "column": 285
          },
          "end": {
            "line": 59,
            "column": 11
          }
        },
        "line": 51
      },
      "7": {
        "name": "(anonymous_7)",
        "decl": {
          "start": {
            "line": 61,
            "column": 1
          },
          "end": {
            "line": 61,
            "column": 2
          }
        },
        "loc": {
          "start": {
            "line": 61,
            "column": 7
          },
          "end": {
            "line": 61,
            "column": 241
          }
        },
        "line": 61
      }
    },
    "branchMap": {
      "0": {
        "loc": {
          "start": {
            "line": 5,
            "column": 63
          },
          "end": {
            "line": 24,
            "column": 1
          }
        },
        "type": "if",
        "locations": [
          {
            "start": {
              "line": 5,
              "column": 63
            },
            "end": {
              "line": 24,
              "column": 1
            }
          },
          {
            "start": {},
            "end": {}
          }
        ],
        "line": 5
      },
      "1": {
        "loc": {
          "start": {
            "line": 24,
            "column": 2
          },
          "end": {
            "line": 30,
            "column": 1
          }
        },
        "type": "if",
        "locations": [
          {
            "start": {
              "line": 24,
              "column": 2
            },
            "end": {
              "line": 30,
              "column": 1
            }
          },
          {
            "start": {},
            "end": {}
          }
        ],
        "line": 24
      },
      "2": {
        "loc": {
          "start": {
            "line": 38,
            "column": 8
          },
          "end": {
            "line": 40,
            "column": 9
          }
        },
        "type": "if",
        "locations": [
          {
            "start": {
              "line": 38,
              "column": 8
            },
            "end": {
              "line": 40,
              "column": 9
            }
          },
          {
            "start": {},
            "end": {}
          }
        ],
        "line": 38
      },
      "3": {
        "loc": {
          "start": {
            "line": 50,
            "column": 88
          },
          "end": {
            "line": 50,
            "column": 128
          }
        },
        "type": "binary-expr",
        "locations": [
          {
            "start": {
              "line": 50,
              "column": 88
            },
            "end": {
              "line": 50,
              "column": 105
            }
          },
          {
            "start": {
              "line": 50,
              "column": 109
            },
            "end": {
              "line": 50,
              "column": 128
            }
          }
        ],
        "line": 50
      },
      "4": {
        "loc": {
          "start": {
            "line": 51,
            "column": 287
          },
          "end": {
            "line": 56,
            "column": 9
          }
        },
        "type": "if",
        "locations": [
          {
            "start": {
              "line": 51,
              "column": 287
            },
            "end": {
              "line": 56,
              "column": 9
            }
          },
          {
            "start": {},
            "end": {}
          }
        ],
        "line": 51
      },
      "5": {
        "loc": {
          "start": {
            "line": 56,
            "column": 10
          },
          "end": {
            "line": 59,
            "column": 9
          }
        },
        "type": "if",
        "locations": [
          {
            "start": {
              "line": 56,
              "column": 10
            },
            "end": {
              "line": 59,
              "column": 9
            }
          },
          {
            "start": {},
            "end": {}
          }
        ],
        "line": 56
      },
      "6": {
        "loc": {
          "start": {
            "line": 58,
            "column": 29
          },
          "end": {
            "line": 58,
            "column": 46
          }
        },
        "type": "cond-expr",
        "locations": [
          {
            "start": {
              "line": 58,
              "column": 40
            },
            "end": {
              "line": 58,
              "column": 41
            }
          },
          {
            "start": {
              "line": 58,
              "column": 44
            },
            "end": {
              "line": 58,
              "column": 46
            }
          }
        ],
        "line": 58
      },
      "7": {
        "loc": {
          "start": {
            "line": 61,
            "column": 9
          },
          "end": {
            "line": 61,
            "column": 238
          }
        },
        "type": "binary-expr",
        "locations": [
          {
            "start": {
              "line": 61,
              "column": 10
            },
            "end": {
              "line": 61,
              "column": 42
            }
          },
          {
            "start": {
              "line": 61,
              "column": 46
            },
            "end": {
              "line": 61,
              "column": 55
            }
          },
          {
            "start": {
              "line": 61,
              "column": 60
            },
            "end": {
              "line": 61,
              "column": 238
            }
          }
        ],
        "line": 61
      }
    },
    "s": {
      "0": 0,
      "1": 0,
      "2": 0,
      "3": 0,
      "4": 0,
      "5": 0,
      "6": 0,
      "7": 0,
      "8": 0,
      "9": 0,
      "10": 0,
      "11": 0,
      "12": 0,
      "13": 0,
      "14": 0,
      "15": 0,
      "16": 0,
      "17": 0,
      "18": 0,
      "19": 0,
      "20": 0,
      "21": 0,
      "22": 0,
      "23": 0,
      "24": 0,
      "25": 0,
      "26": 0,
      "27": 0,
      "28": 0,
      "29": 0,
      "30": 0,
      "31": 0,
      "32": 0,
      "33": 0,
      "34": 0,
      "35": 0,
      "36": 0,
      "37": 0,
      "38": 10,
      "39": 0,
      "40": 10,
      "41": 0,
      "42": 0,
      "43": 0,
      "44": 0,
      "45": 0,
      "46": 0,
      "47": 0,
      "48": 0,
      "49": 10,
      "50": 10
    },
    "f": {
      "0": 0,
      "1": 0,
      "2": 0,
      "3": 0,
      "4": 0,
      "5": 0,
      "6": 0,
      "7": 10
    },
    "b": {
      "0": [
        0,
        0
      ],
      "1": [
        0,
        0
      ],
      "2": [
        0,
        0
      ],
      "3": [
        0,
        0
      ],
      "4": [
        0,
        0
      ],
      "5": [
        0,
        0
      ],
      "6": [
        0,
        0
      ],
      "7": [
        10,
        10,
        10
      ]
    },
    "inputSourceMap": {
      "version": 3,
      "sources": [
        "C:/Workspace/dev/ynov/angular/note/src/app/features/note/note-detail-component/note-detail.component.ts"
      ],
      "names": [],
      "mappings": "AAAA,MAAM,CAAC,CAAC,CAAC,SAAS,CAAC,CAAC,MAAM,CAAC,CAAC,MAAM,CAAC,CAAC,CAAC,IAAI,CAAC,CAAC,CAAC,OAAO,CAAC,IAAI,CAAC,CAAC;AAC1D,MAAM,CAAC,CAAC,CAAC,cAAc,CAAC,CAAC,MAAM,CAAC,CAAC,UAAU,CAAC,CAAC,CAAC,IAAI,CAAC,CAAC,CAAC,OAAO,CAAC,MAAM,CAAC,CAAC;AACrE,MAAM,CAAC,CAAC,CAAC,WAAW,CAAC,CAAC,CAAC,IAAI,CAAC,CAAC,CAAC,CAAC,CAAC,CAAC,CAAC,CAAC,CAAC,CAAC,CAAC,IAAI,CAAC,QAAQ,CAAC,IAAI,CAAC,OAAO,CAAC,CAAC;AAClE;AACA,CAAC,SAAS,CAAC,CAAC;AACZ,CAAC,CAAC,QAAQ,CAAC,CAAC,CAAC,GAAG,CAAC,IAAI,CAAC,MAAM,CAAC,SAAS,CAAC,CAAC;AACxC,CAAC,CAAC,UAAU,CAAC,CAAC,IAAI,CAAC;AACnB,CAAC,CAAC,OAAO,CAAC,CAAC,CAAC,UAAU,CAAC,CAAC;AACxB,CAAC,CAAC,WAAW,CAAC,CAAC,CAAC,CAAC,CAAC,IAAI,CAAC,MAAM,CAAC,SAAS,CAAC,IAAI,CAAC,CAAC;AAC9C,CAAC,CAAC,QAAQ,CAAC,CAAC,CAAC,CAAC,CAAC,IAAI,CAAC,MAAM,CAAC,SAAS,CAAC,GAAG,CAAC,CAAC;AAC1C,CAAC,CAAC;AACF,MAAM,CAAC,KAAK,CAAC,mBAAmB,CAAC,CAAC;AAClC;AACA,CAAC,CAAC,OAAO,CAAC,MAAM,CAAC,CAAC,CAAC,MAAM,CAAC,MAAM,CAAC,CAAC;AAClC,CAAC,CAAC,OAAO,CAAC,KAAK,CAAC,CAAC,CAAC,MAAM,CAAC,cAAc,CAAC,CAAC;AACzC,CAAC,CAAC,OAAO,CAAC,WAAW,CAAC,CAAC,CAAC,MAAM,CAAC,WAAW,CAAC,CAAC;AAC5C,CAAC,CAAC,IAAI,CAAC,CAAC,CAAC,IAAI,CAAC,KAAK,CAAC,QAAQ,CAAC,IAAI,CAAC,CAAC,IAAI,CAAC,CAAC,CAAC;AAC1C,CAAC,CAAC,EAAE,CAAC,CAAC,CAAC,IAAI,CAAC,KAAK,CAAC,QAAQ,CAAC,QAAQ,CAAC,GAAG,CAAC,CAAC,EAAE,CAAC,CAAC,CAAC;AAC9C;AACA,CAAC,CAAC,MAAM,CAAC,CAAC,CAAC,CAAC,CAAC;AACb,CAAC,CAAC,CAAC,CAAC,EAAE,CAAC,CAAC,IAAI,CAAC,EAAE,CAAC,CAAC,CAAC;AAClB,CAAC,CAAC,CAAC,CAAC,CAAC,CAAC,MAAM,CAAC;AACb,CAAC,CAAC,CAAC,CAAC,CAAC;AACL,CAAC,CAAC,CAAC,CAAC,IAAI,CAAC,WAAW,CAAC,cAAc,CAAC,IAAI,CAAC,EAAE,CAAC,CAAC,SAAS,CAAC,CAAC;AACxD,CAAC,CAAC,CAAC,CAAC,CAAC,CAAC,IAAI,CAAC,CAAC,CAAC,GAAG,CAAC,CAAC,CAAC,CAAC,CAAC,CAAC;AACtB,CAAC,CAAC,CAAC,CAAC,CAAC,CAAC,CAAC,CAAC,IAAI,CAAC,MAAM,CAAC,QAAQ,CAAC,CAAC,CAAC,CAAC,KAAK,CAAC,CAAC,CAAC,CAAC;AACzC,CAAC,CAAC,CAAC,CAAC,CAAC,CAAC,CAAC,CAAC;AACR,CAAC,CAAC,CAAC,CAAC,CAAC,CAAC,KAAK,CAAC,CAAC,CAAC,GAAG,CAAC,CAAC,CAAC,CAAC,CAAC,CAAC;AACvB,CAAC,CAAC,CAAC,CAAC,CAAC,CAAC,CAAC,CAAC,OAAO,CAAC,KAAK,CAAC,CAAC,IAAI,CAAC,GAAG,CAAC,KAAK,CAAC,CAAC,CAAC,CAAC,CAAC,CAAC,GAAG,CAAC,CAAC;AAChD,CAAC,CAAC,CAAC,CAAC,CAAC,CAAC,CAAC;AACP,CAAC,CAAC,CAAC,CAAC,CAAC,CAAC,CAAC;AACP,CAAC,CAAC,CAAC;AACH,CAAC,CAAC;AACF,CAAC;"
    },
    "_coverageSchema": "1a1c01bbd47fc00a2c39e90264f33305004495a9",
    "hash": "cbd683b056717a888016106879156ae92d021866"
  },
  "C:/Workspace/dev/ynov/angular/note/src/app/core/resolvers/note.resolver.ts": {
    "path": "/home/nicolaswalter/Ynov/Coordination_Front-Back/Note/frontend/src/app/core/resolvers/note.resolver.ts",
    "statementMap": {
      "0": {
        "start": {
          "line": 3,
          "column": 28
        },
        "end": {
          "line": 7,
          "column": 1
        }
      },
      "1": {
        "start": {
          "line": 4,
          "column": 20
        },
        "end": {
          "line": 4,
          "column": 39
        }
      },
      "2": {
        "start": {
          "line": 5,
          "column": 15
        },
        "end": {
          "line": 5,
          "column": 39
        }
      },
      "3": {
        "start": {
          "line": 6,
          "column": 4
        },
        "end": {
          "line": 6,
          "column": 35
        }
      }
    },
    "fnMap": {
      "0": {
        "name": "(anonymous_0)",
        "decl": {
          "start": {
            "line": 3,
            "column": 28
          },
          "end": {
            "line": 3,
            "column": 29
          }
        },
        "loc": {
          "start": {
            "line": 3,
            "column": 39
          },
          "end": {
            "line": 7,
            "column": 1
          }
        },
        "line": 3
      }
    },
    "branchMap": {},
    "s": {
      "0": 10,
      "1": 0,
      "2": 0,
      "3": 0
    },
    "f": {
      "0": 0
    },
    "b": {},
    "inputSourceMap": {
      "version": 3,
      "sources": [
        "C:/Workspace/dev/ynov/angular/note/src/app/core/resolvers/note.resolver.ts"
      ],
      "names": [],
      "mappings": "AAAA;AACA,MAAM,CAAC,CAAC,CAAC,SAAS,CAAC,CAAC,sBAAsB,CAAC,CAAC,CAAC,IAAI,CAAC,CAAC,CAAC,OAAO,CAAC,MAAM,CAAC,CAAC;AACpE,MAAM,CAAC,CAAC,CAAC,MAAM,CAAC,CAAC,CAAC,IAAI,CAAC,CAAC,CAAC,OAAO,CAAC,IAAI,CAAC,CAAC;AACvC,MAAM,CAAC,CAAC,CAAC,WAAW,CAAC,CAAC,CAAC,IAAI,CAAC,CAAC,CAAC,CAAC,CAAC,QAAQ,CAAC,IAAI,CAAC,OAAO,CAAC,CAAC;AACvD;AACA,MAAM,CAAC,KAAK,CAAC,YAAY,CAAC,CAAC,SAAS,CAAC,GAAG,CAAC,CAAC,CAAC,CAAC,CAAC,KAAK,CAAC,CAAC,sBAAsB,CAAC,CAAC,CAAC,CAAC,CAAC,CAAC;AAChF,CAAC,CAAC,KAAK,CAAC,OAAO,CAAC,CAAC,CAAC,MAAM,CAAC,WAAW,CAAC,CAAC;AACtC,CAAC,CAAC,KAAK,CAAC,EAAE,CAAC,CAAC,CAAC,KAAK,CAAC,QAAQ,CAAC,GAAG,CAAC,CAAC,EAAE,CAAC,CAAC,CAAC,CAAC;AACvC,CAAC,CAAC,MAAM,CAAC,OAAO,CAAC,WAAW,CAAC,EAAE,CAAC,CAAC;AACjC,CAAC,CAAC;"
    },
    "_coverageSchema": "1a1c01bbd47fc00a2c39e90264f33305004495a9",
    "hash": "53305bb8589fd38d2dba1d0fd97c0efed496ad55"
  },
  "C:/Workspace/dev/ynov/angular/note/src/app/core/services/auth.service.ts": {
    "path": "/home/nicolaswalter/Ynov/Coordination_Front-Back/Note/frontend/src/app/core/services/auth.service.ts",
    "statementMap": {
      "0": {
        "start": {
          "line": 5,
          "column": 11
        },
        "end": {
          "line": 5,
          "column": 29
        }
      },
      "1": {
        "start": {
          "line": 6,
          "column": 13
        },
        "end": {
          "line": 6,
          "column": 36
        }
      },
      "2": {
        "start": {
          "line": 8,
          "column": 8
        },
        "end": {
          "line": 8,
          "column": 63
        }
      },
      "3": {
        "start": {
          "line": 10,
          "column": 18
        },
        "end": {
          "line": 10,
          "column": 118
        }
      },
      "4": {
        "start": {
          "line": 10,
          "column": 68
        },
        "end": {
          "line": 10,
          "column": 116
        }
      },
      "5": {
        "start": {
          "line": 11,
          "column": 33
        },
        "end": {
          "line": 11,
          "column": 125
        }
      }
    },
    "fnMap": {
      "0": {
        "name": "(anonymous_0)",
        "decl": {
          "start": {
            "line": 7,
            "column": 4
          },
          "end": {
            "line": 7,
            "column": 5
          }
        },
        "loc": {
          "start": {
            "line": 7,
            "column": 19
          },
          "end": {
            "line": 9,
            "column": 5
          }
        },
        "line": 7
      },
      "1": {
        "name": "AuthService_Factory",
        "decl": {
          "start": {
            "line": 10,
            "column": 27
          },
          "end": {
            "line": 10,
            "column": 46
          }
        },
        "loc": {
          "start": {
            "line": 10,
            "column": 66
          },
          "end": {
            "line": 10,
            "column": 118
          }
        },
        "line": 10
      }
    },
    "branchMap": {
      "0": {
        "loc": {
          "start": {
            "line": 10,
            "column": 80
          },
          "end": {
            "line": 10,
            "column": 112
          }
        },
        "type": "binary-expr",
        "locations": [
          {
            "start": {
              "line": 10,
              "column": 80
            },
            "end": {
              "line": 10,
              "column": 97
            }
          },
          {
            "start": {
              "line": 10,
              "column": 101
            },
            "end": {
              "line": 10,
              "column": 112
            }
          }
        ],
        "line": 10
      }
    },
    "s": {
      "0": 10,
      "1": 10,
      "2": 6,
      "3": 10,
      "4": 10,
      "5": 10
    },
    "f": {
      "0": 6,
      "1": 10
    },
    "b": {
      "0": [
        10,
        10
      ]
    },
    "inputSourceMap": {
      "version": 3,
      "sources": [
        "C:/Workspace/dev/ynov/angular/note/src/app/core/services/auth.service.ts"
      ],
      "names": [],
      "mappings": "AAAA,MAAM,CAAC,CAAC,CAAC,UAAU,CAAC,CAAC,CAAC,IAAI,CAAC,CAAC,CAAC,OAAO,CAAC,MAAM,CAAC,IAAI,CAAC,CAAC;AAClD,MAAM,CAAC,CAAC,CAAC,MAAM,CAAC,CAAC,UAAU,CAAC,CAAC,CAAC,IAAI,CAAC,CAAC,CAAC,OAAO,CAAC,IAAI,CAAC,CAAC;AACnD,MAAM,CAAC,CAAC,CAAC,aAAa,CAAC,CAAC,CAAC,IAAI,CAAC,CAAC,CAAC,CAAC,CAAC,CAAC,CAAC,CAAC,QAAQ,CAAC,IAAI,CAAC,MAAM,CAAC,KAAK,CAAC,QAAQ,CAAC,CAAC;AAC1E,MAAM,CAAC,CAAC,CAAC,UAAU,CAAC,CAAC,CAAC,IAAI,CAAC,CAAC,IAAI,CAAC,CAAC;AAClC,MAAM,CAAC,CAAC,CAAC,YAAY,CAAC,CAAC,CAAC,IAAI,CAAC,CAAC,CAAC,CAAC,CAAC,CAAC,CAAC,CAAC,QAAQ,CAAC,IAAI,CAAC,MAAM,CAAC,KAAK,CAAC,OAAO,CAAC,CAAC;AACxE;AACA,CAAC,UAAU,CAAC,CAAC;AACb,CAAC,CAAC,CAAC,CAAC,UAAU,CAAC,CAAC,CAAC,IAAI,CAAC;AACtB,CAAC,CAAC;AACF,MAAM,CAAC,KAAK,CAAC,WAAW,CAAC,CAAC;AAC1B,CAAC,CAAC,CAAC,CAAC,OAAO,CAAC,IAAI,CAAC,CAAC,CAAC,MAAM,CAAC,UAAU,CAAC,CAAC;AACtC,CAAC,CAAC,CAAC,CAAC,OAAO,CAAC,QAAQ,CAAC,MAAM,CAAC,CAAC,CAAC,CAAC,IAAI,CAAC,CAAC,CAAC,SAAS,CAAC,IAAI,CAAC,CAAC;AACtD;AACA,CAAC,CAAC,CAAC,CAAC,MAAM,CAAC,KAAK,CAAC,OAAO,CAAC,YAAY,CAAC,CAAC,UAAU,CAAC,aAAa,CAAC,CAAC,CAAC;AAClE,CAAC,CAAC,CAAC,CAAC,CAAC,CAAC,CAAC,CAAC,MAAM,CAAC,IAAI,CAAC,IAAI,CAAC,IAAI,CAAC,aAAa,CAAC,CAAC,CAAC,CAAC,CAAC,IAAI,CAAC,MAAM,CAAC,CAAC,KAAK,CAAC,CAAC,CAAC,OAAO,CAAC,CAAC;AAC9E,CAAC,CAAC,CAAC,CAAC,CAAC;AACL"
    },
    "_coverageSchema": "1a1c01bbd47fc00a2c39e90264f33305004495a9",
    "hash": "1ee300ada20c0808c39116e3ffb87df2ee108cdc"
  },
  "C:/Workspace/dev/ynov/angular/note/src/app/features/auth/login-component/login.component.ts": {
    "path": "/home/nicolaswalter/Ynov/Coordination_Front-Back/Note/frontend/src/app/features/auth/login-component/login.component.ts",
    "statementMap": {
      "0": {
        "start": {
          "line": 8,
          "column": 11
        },
        "end": {
          "line": 8,
          "column": 30
        }
      },
      "1": {
        "start": {
          "line": 9,
          "column": 13
        },
        "end": {
          "line": 9,
          "column": 27
        }
      },
      "2": {
        "start": {
          "line": 10,
          "column": 12
        },
        "end": {
          "line": 13,
          "column": 5
        }
      },
      "3": {
        "start": {
          "line": 15,
          "column": 8
        },
        "end": {
          "line": 26,
          "column": 11
        }
      },
      "4": {
        "start": {
          "line": 18,
          "column": 16
        },
        "end": {
          "line": 18,
          "column": 68
        }
      },
      "5": {
        "start": {
          "line": 19,
          "column": 16
        },
        "end": {
          "line": 19,
          "column": 62
        }
      },
      "6": {
        "start": {
          "line": 20,
          "column": 16
        },
        "end": {
          "line": 20,
          "column": 78
        }
      },
      "7": {
        "start": {
          "line": 21,
          "column": 16
        },
        "end": {
          "line": 21,
          "column": 49
        }
      },
      "8": {
        "start": {
          "line": 24,
          "column": 16
        },
        "end": {
          "line": 24,
          "column": 56
        }
      },
      "9": {
        "start": {
          "line": 28,
          "column": 18
        },
        "end": {
          "line": 28,
          "column": 124
        }
      },
      "10": {
        "start": {
          "line": 28,
          "column": 71
        },
        "end": {
          "line": 28,
          "column": 122
        }
      },
      "11": {
        "start": {
          "line": 29,
          "column": 32
        },
        "end": {
          "line": 57,
          "column": 194
        }
      },
      "12": {
        "start": {
          "line": 29,
          "column": 427
        },
        "end": {
          "line": 52,
          "column": 9
        }
      },
      "13": {
        "start": {
          "line": 30,
          "column": 12
        },
        "end": {
          "line": 30,
          "column": 39
        }
      },
      "14": {
        "start": {
          "line": 31,
          "column": 12
        },
        "end": {
          "line": 31,
          "column": 38
        }
      },
      "15": {
        "start": {
          "line": 32,
          "column": 12
        },
        "end": {
          "line": 32,
          "column": 30
        }
      },
      "16": {
        "start": {
          "line": 33,
          "column": 12
        },
        "end": {
          "line": 33,
          "column": 44
        }
      },
      "17": {
        "start": {
          "line": 34,
          "column": 12
        },
        "end": {
          "line": 34,
          "column": 124
        }
      },
      "18": {
        "start": {
          "line": 34,
          "column": 100
        },
        "end": {
          "line": 34,
          "column": 120
        }
      },
      "19": {
        "start": {
          "line": 35,
          "column": 12
        },
        "end": {
          "line": 35,
          "column": 52
        }
      },
      "20": {
        "start": {
          "line": 36,
          "column": 12
        },
        "end": {
          "line": 36,
          "column": 40
        }
      },
      "21": {
        "start": {
          "line": 37,
          "column": 12
        },
        "end": {
          "line": 37,
          "column": 30
        }
      },
      "22": {
        "start": {
          "line": 38,
          "column": 12
        },
        "end": {
          "line": 38,
          "column": 34
        }
      },
      "23": {
        "start": {
          "line": 39,
          "column": 12
        },
        "end": {
          "line": 39,
          "column": 45
        }
      },
      "24": {
        "start": {
          "line": 40,
          "column": 12
        },
        "end": {
          "line": 40,
          "column": 225
        }
      },
      "25": {
        "start": {
          "line": 40,
          "column": 123
        },
        "end": {
          "line": 40,
          "column": 206
        }
      },
      "26": {
        "start": {
          "line": 40,
          "column": 207
        },
        "end": {
          "line": 40,
          "column": 221
        }
      },
      "27": {
        "start": {
          "line": 41,
          "column": 12
        },
        "end": {
          "line": 41,
          "column": 32
        }
      },
      "28": {
        "start": {
          "line": 42,
          "column": 12
        },
        "end": {
          "line": 42,
          "column": 55
        }
      },
      "29": {
        "start": {
          "line": 43,
          "column": 12
        },
        "end": {
          "line": 43,
          "column": 42
        }
      },
      "30": {
        "start": {
          "line": 44,
          "column": 12
        },
        "end": {
          "line": 44,
          "column": 30
        }
      },
      "31": {
        "start": {
          "line": 45,
          "column": 12
        },
        "end": {
          "line": 45,
          "column": 35
        }
      },
      "32": {
        "start": {
          "line": 46,
          "column": 12
        },
        "end": {
          "line": 46,
          "column": 46
        }
      },
      "33": {
        "start": {
          "line": 47,
          "column": 12
        },
        "end": {
          "line": 47,
          "column": 226
        }
      },
      "34": {
        "start": {
          "line": 47,
          "column": 124
        },
        "end": {
          "line": 47,
          "column": 207
        }
      },
      "35": {
        "start": {
          "line": 47,
          "column": 208
        },
        "end": {
          "line": 47,
          "column": 222
        }
      },
      "36": {
        "start": {
          "line": 48,
          "column": 12
        },
        "end": {
          "line": 48,
          "column": 32
        }
      },
      "37": {
        "start": {
          "line": 49,
          "column": 12
        },
        "end": {
          "line": 49,
          "column": 47
        }
      },
      "38": {
        "start": {
          "line": 50,
          "column": 12
        },
        "end": {
          "line": 50,
          "column": 44
        }
      },
      "39": {
        "start": {
          "line": 51,
          "column": 12
        },
        "end": {
          "line": 51,
          "column": 32
        }
      },
      "40": {
        "start": {
          "line": 52,
          "column": 10
        },
        "end": {
          "line": 57,
          "column": 9
        }
      },
      "41": {
        "start": {
          "line": 53,
          "column": 12
        },
        "end": {
          "line": 53,
          "column": 28
        }
      },
      "42": {
        "start": {
          "line": 54,
          "column": 12
        },
        "end": {
          "line": 54,
          "column": 63
        }
      },
      "43": {
        "start": {
          "line": 55,
          "column": 12
        },
        "end": {
          "line": 55,
          "column": 28
        }
      },
      "44": {
        "start": {
          "line": 56,
          "column": 12
        },
        "end": {
          "line": 56,
          "column": 63
        }
      },
      "45": {
        "start": {
          "line": 59,
          "column": 0
        },
        "end": {
          "line": 59,
          "column": 223
        }
      },
      "46": {
        "start": {
          "line": 59,
          "column": 9
        },
        "end": {
          "line": 59,
          "column": 217
        }
      }
    },
    "fnMap": {
      "0": {
        "name": "(anonymous_0)",
        "decl": {
          "start": {
            "line": 14,
            "column": 4
          },
          "end": {
            "line": 14,
            "column": 5
          }
        },
        "loc": {
          "start": {
            "line": 14,
            "column": 13
          },
          "end": {
            "line": 27,
            "column": 5
          }
        },
        "line": 14
      },
      "1": {
        "name": "(anonymous_1)",
        "decl": {
          "start": {
            "line": 17,
            "column": 18
          },
          "end": {
            "line": 17,
            "column": 19
          }
        },
        "loc": {
          "start": {
            "line": 17,
            "column": 32
          },
          "end": {
            "line": 22,
            "column": 13
          }
        },
        "line": 17
      },
      "2": {
        "name": "(anonymous_2)",
        "decl": {
          "start": {
            "line": 23,
            "column": 19
          },
          "end": {
            "line": 23,
            "column": 20
          }
        },
        "loc": {
          "start": {
            "line": 23,
            "column": 28
          },
          "end": {
            "line": 25,
            "column": 13
          }
        },
        "line": 23
      },
      "3": {
        "name": "LoginComponent_Factory",
        "decl": {
          "start": {
            "line": 28,
            "column": 27
          },
          "end": {
            "line": 28,
            "column": 49
          }
        },
        "loc": {
          "start": {
            "line": 28,
            "column": 69
          },
          "end": {
            "line": 28,
            "column": 124
          }
        },
        "line": 28
      },
      "4": {
        "name": "LoginComponent_Template",
        "decl": {
          "start": {
            "line": 29,
            "column": 392
          },
          "end": {
            "line": 29,
            "column": 415
          }
        },
        "loc": {
          "start": {
            "line": 29,
            "column": 425
          },
          "end": {
            "line": 57,
            "column": 11
          }
        },
        "line": 29
      },
      "5": {
        "name": "LoginComponent_Template_form_ngSubmit_2_listener",
        "decl": {
          "start": {
            "line": 34,
            "column": 47
          },
          "end": {
            "line": 34,
            "column": 95
          }
        },
        "loc": {
          "start": {
            "line": 34,
            "column": 98
          },
          "end": {
            "line": 34,
            "column": 122
          }
        },
        "line": 34
      },
      "6": {
        "name": "LoginComponent_Template_input_ngModelChange_7_listener",
        "decl": {
          "start": {
            "line": 40,
            "column": 58
          },
          "end": {
            "line": 40,
            "column": 112
          }
        },
        "loc": {
          "start": {
            "line": 40,
            "column": 121
          },
          "end": {
            "line": 40,
            "column": 223
          }
        },
        "line": 40
      },
      "7": {
        "name": "LoginComponent_Template_input_ngModelChange_12_listener",
        "decl": {
          "start": {
            "line": 47,
            "column": 58
          },
          "end": {
            "line": 47,
            "column": 113
          }
        },
        "loc": {
          "start": {
            "line": 47,
            "column": 122
          },
          "end": {
            "line": 47,
            "column": 224
          }
        },
        "line": 47
      },
      "8": {
        "name": "(anonymous_8)",
        "decl": {
          "start": {
            "line": 59,
            "column": 1
          },
          "end": {
            "line": 59,
            "column": 2
          }
        },
        "loc": {
          "start": {
            "line": 59,
            "column": 7
          },
          "end": {
            "line": 59,
            "column": 219
          }
        },
        "line": 59
      }
    },
    "branchMap": {
      "0": {
        "loc": {
          "start": {
            "line": 28,
            "column": 83
          },
          "end": {
            "line": 28,
            "column": 118
          }
        },
        "type": "binary-expr",
        "locations": [
          {
            "start": {
              "line": 28,
              "column": 83
            },
            "end": {
              "line": 28,
              "column": 100
            }
          },
          {
            "start": {
              "line": 28,
              "column": 104
            },
            "end": {
              "line": 28,
              "column": 118
            }
          }
        ],
        "line": 28
      },
      "1": {
        "loc": {
          "start": {
            "line": 29,
            "column": 427
          },
          "end": {
            "line": 52,
            "column": 9
          }
        },
        "type": "if",
        "locations": [
          {
            "start": {
              "line": 29,
              "column": 427
            },
            "end": {
              "line": 52,
              "column": 9
            }
          },
          {
            "start": {},
            "end": {}
          }
        ],
        "line": 29
      },
      "2": {
        "loc": {
          "start": {
            "line": 40,
            "column": 123
          },
          "end": {
            "line": 40,
            "column": 205
          }
        },
        "type": "binary-expr",
        "locations": [
          {
            "start": {
              "line": 40,
              "column": 123
            },
            "end": {
              "line": 40,
              "column": 172
            }
          },
          {
            "start": {
              "line": 40,
              "column": 177
            },
            "end": {
              "line": 40,
              "column": 204
            }
          }
        ],
        "line": 40
      },
      "3": {
        "loc": {
          "start": {
            "line": 47,
            "column": 124
          },
          "end": {
            "line": 47,
            "column": 206
          }
        },
        "type": "binary-expr",
        "locations": [
          {
            "start": {
              "line": 47,
              "column": 124
            },
            "end": {
              "line": 47,
              "column": 173
            }
          },
          {
            "start": {
              "line": 47,
              "column": 178
            },
            "end": {
              "line": 47,
              "column": 205
            }
          }
        ],
        "line": 47
      },
      "4": {
        "loc": {
          "start": {
            "line": 52,
            "column": 10
          },
          "end": {
            "line": 57,
            "column": 9
          }
        },
        "type": "if",
        "locations": [
          {
            "start": {
              "line": 52,
              "column": 10
            },
            "end": {
              "line": 57,
[...]
    },
    "_coverageSchema": "1a1c01bbd47fc00a2c39e90264f33305004495a9",
    "hash": "2b7c197b2bf2d36636c2fafc93ae466a8e38a429"
  },
  "/home/nicolaswalter/Ynov/Coordination_Front-Back/Note/frontend/src/app/app.ts": {
    "path": "/home/nicolaswalter/Ynov/Coordination_Front-Back/Note/frontend/src/app/app.ts",
    "statementMap": {
      "0": {
        "start": {
          "line": 4,
          "column": 48
        },
        "end": {
          "line": 10,
          "column": 1
        }
      },
      "1": {
        "start": {
          "line": 5,
          "column": 16
        },
        "end": {
          "line": 5,
          "column": 37
        }
      },
      "2": {
        "start": {
          "line": 6,
          "column": 4
        },
        "end": {
          "line": 6,
          "column": 38
        }
      },
      "3": {
        "start": {
          "line": 7,
          "column": 4
        },
        "end": {
          "line": 7,
          "column": 193
        }
      },
      "4": {
        "start": {
          "line": 7,
          "column": 92
        },
        "end": {
          "line": 7,
          "column": 114
        }
      },
      "5": {
        "start": {
          "line": 7,
          "column": 130
        },
        "end": {
          "line": 7,
          "column": 148
        }
      },
      "6": {
        "start": {
          "line": 7,
          "column": 150
        },
        "end": {
          "line": 7,
          "column": 189
        }
      },
      "7": {
        "start": {
          "line": 8,
          "column": 4
        },
        "end": {
          "line": 8,
          "column": 27
        }
      },
      "8": {
        "start": {
          "line": 9,
          "column": 4
        },
        "end": {
          "line": 9,
          "column": 22
        }
      },
      "9": {
        "start": {
          "line": 11,
          "column": 48
        },
        "end": {
          "line": 15,
          "column": 1
        }
      },
      "10": {
        "start": {
          "line": 12,
          "column": 4
        },
        "end": {
          "line": 12,
          "column": 33
        }
      },
      "11": {
        "start": {
          "line": 13,
          "column": 4
        },
        "end": {
          "line": 13,
          "column": 26
        }
      },
      "12": {
        "start": {
          "line": 14,
          "column": 4
        },
        "end": {
          "line": 14,
          "column": 22
        }
      },
      "13": {
        "start": {
          "line": 17,
          "column": 12
        },
        "end": {
          "line": 17,
          "column": 74
        }
      },
      "14": {
        "start": {
          "line": 18,
          "column": 13
        },
        "end": {
          "line": 18,
          "column": 27
        }
      },
      "15": {
        "start": {
          "line": 19,
          "column": 15
        },
        "end": {
          "line": 19,
          "column": 46
        }
      },
      "16": {
        "start": {
          "line": 21,
          "column": 8
        },
        "end": {
          "line": 21,
          "column": 41
        }
      },
      "17": {
        "start": {
          "line": 22,
          "column": 8
        },
        "end": {
          "line": 22,
          "column": 30
        }
      },
      "18": {
        "start": {
          "line": 23,
          "column": 8
        },
        "end": {
          "line": 23,
          "column": 41
        }
      },
      "19": {
        "start": {
          "line": 25,
          "column": 18
        },
        "end": {
          "line": 25,
          "column": 102
        }
      },
      "20": {
        "start": {
          "line": 25,
          "column": 60
        },
        "end": {
          "line": 25,
          "column": 100
        }
      },
      "21": {
        "start": {
          "line": 26,
          "column": 32
        },
        "end": {
          "line": 43,
          "column": 3047
        }
      },
      "22": {
        "start": {
          "line": 26,
          "column": 535
        },
        "end": {
          "line": 38,
          "column": 9
        }
      },
      "23": {
        "start": {
          "line": 27,
          "column": 12
        },
        "end": {
          "line": 27,
          "column": 79
        }
      },
      "24": {
        "start": {
          "line": 28,
          "column": 12
        },
        "end": {
          "line": 28,
          "column": 25
        }
      },
      "25": {
        "start": {
          "line": 29,
          "column": 12
        },
        "end": {
          "line": 29,
          "column": 30
        }
      },
      "26": {
        "start": {
          "line": 30,
          "column": 12
        },
        "end": {
          "line": 30,
          "column": 45
        }
      },
      "27": {
        "start": {
          "line": 31,
          "column": 12
        },
        "end": {
          "line": 31,
          "column": 30
        }
      },
      "28": {
        "start": {
          "line": 32,
          "column": 12
        },
        "end": {
          "line": 32,
          "column": 38
        }
      },
      "29": {
        "start": {
          "line": 33,
          "column": 12
        },
        "end": {
          "line": 33,
          "column": 54
        }
      },
      "30": {
        "start": {
          "line": 34,
          "column": 12
        },
        "end": {
          "line": 34,
          "column": 34
        }
      },
      "31": {
        "start": {
          "line": 35,
          "column": 12
        },
        "end": {
          "line": 35,
          "column": 30
        }
      },
      "32": {
        "start": {
          "line": 36,
          "column": 12
        },
        "end": {
          "line": 36,
          "column": 134
        }
      },
      "33": {
        "start": {
          "line": 37,
          "column": 12
        },
        "end": {
          "line": 37,
          "column": 34
        }
      },
      "34": {
        "start": {
          "line": 38,
          "column": 10
        },
        "end": {
          "line": 43,
          "column": 9
        }
      },
      "35": {
        "start": {
          "line": 39,
          "column": 12
        },
        "end": {
          "line": 39,
          "column": 28
        }
      },
      "36": {
        "start": {
          "line": 40,
          "column": 12
        },
        "end": {
          "line": 40,
          "column": 58
        }
      },
      "37": {
        "start": {
          "line": 41,
          "column": 12
        },
        "end": {
          "line": 41,
          "column": 28
        }
      },
      "38": {
        "start": {
          "line": 42,
          "column": 12
        },
        "end": {
          "line": 42,
          "column": 53
        }
      },
      "39": {
        "start": {
          "line": 45,
          "column": 0
        },
        "end": {
          "line": 45,
          "column": 159
        }
      },
      "40": {
        "start": {
          "line": 45,
          "column": 9
        },
        "end": {
          "line": 45,
          "column": 153
        }
      }
    },
    "fnMap": {
      "0": {
        "name": "App_Conditional_10_Template",
        "decl": {
          "start": {
            "line": 4,
            "column": 9
          },
          "end": {
            "line": 4,
            "column": 36
          }
        },
        "loc": {
          "start": {
            "line": 4,
            "column": 46
          },
          "end": {
            "line": 10,
            "column": 3
          }
        },
        "line": 4
      },
      "1": {
        "name": "App_Conditional_10_Template_button_click_0_listener",
        "decl": {
          "start": {
            "line": 7,
            "column": 36
          },
          "end": {
            "line": 7,
            "column": 87
          }
        },
        "loc": {
          "start": {
            "line": 7,
            "column": 90
          },
          "end": {
            "line": 7,
            "column": 191
          }
        },
        "line": 7
      },
      "2": {
        "name": "App_Conditional_11_Template",
        "decl": {
          "start": {
            "line": 11,
            "column": 9
          },
          "end": {
            "line": 11,
            "column": 36
          }
        },
        "loc": {
          "start": {
            "line": 11,
            "column": 46
          },
          "end": {
            "line": 15,
            "column": 3
          }
        },
        "line": 11
      },
      "3": {
        "name": "(anonymous_3)",
        "decl": {
          "start": {
            "line": 20,
            "column": 4
          },
          "end": {
            "line": 20,
            "column": 5
          }
        },
        "loc": {
          "start": {
            "line": 20,
            "column": 13
          },
          "end": {
            "line": 24,
            "column": 5
          }
        },
        "line": 20
      },
      "4": {
        "name": "App_Factory",
        "decl": {
          "start": {
            "line": 25,
            "column": 27
          },
          "end": {
            "line": 25,
            "column": 38
          }
        },
        "loc": {
          "start": {
            "line": 25,
            "column": 58
          },
          "end": {
            "line": 25,
            "column": 102
          }
        },
        "line": 25
      },
      "5": {
        "name": "App_Template",
        "decl": {
          "start": {
            "line": 26,
            "column": 511
          },
          "end": {
            "line": 26,
            "column": 523
          }
        },
        "loc": {
          "start": {
            "line": 26,
            "column": 533
          },
          "end": {
            "line": 43,
            "column": 11
          }
        },
        "line": 26
      },
      "6": {
        "name": "(anonymous_6)",
        "decl": {
          "start": {
            "line": 45,
            "column": 1
          },
          "end": {
            "line": 45,
            "column": 2
          }
        },
        "loc": {
          "start": {
            "line": 45,
            "column": 7
          },
          "end": {
            "line": 45,
            "column": 155
          }
        },
        "line": 45
      }
    },
    "branchMap": {
      "0": {
        "loc": {
          "start": {
            "line": 4,
            "column": 48
          },
          "end": {
            "line": 10,
            "column": 1
          }
        },
        "type": "if",
        "locations": [
          {
            "start": {
              "line": 4,
              "column": 48
            },
            "end": {
              "line": 10,
              "column": 1
            }
          },
          {
            "start": {},
            "end": {}
          }
        ],
        "line": 4
      },
      "1": {
        "loc": {
          "start": {
            "line": 11,
            "column": 48
          },
          "end": {
            "line": 15,
            "column": 1
          }
        },
        "type": "if",
        "locations": [
          {
            "start": {
              "line": 11,
              "column": 48
            },
            "end": {
              "line": 15,
              "column": 1
            }
          },
          {
            "start": {},
            "end": {}
          }
        ],
        "line": 11
      },
      "2": {
        "loc": {
          "start": {
            "line": 17,
            "column": 31
          },
          "end": {
            "line": 17,
            "column": 72
          }
        },
        "type": "cond-expr",
        "locations": [
          {
            "start": {
              "line": 17,
              "column": 43
            },
            "end": {
              "line": 17,
              "column": 67
            }
          },
          {
            "start": {
              "line": 17,
              "column": 70
            },
            "end": {
              "line": 17,
              "column": 72
            }
          }
        ],
        "line": 17
      },
      "3": {
        "loc": {
          "start": {
            "line": 25,
            "column": 72
          },
          "end": {
            "line": 25,
            "column": 96
          }
        },
        "type": "binary-expr",
        "locations": [
          {
            "start": {
              "line": 25,
              "column": 72
            },
            "end": {
              "line": 25,
              "column": 89
            }
          },
          {
            "start": {
              "line": 25,
              "column": 93
            },
            "end": {
              "line": 25,
              "column": 96
            }
          }
        ],
        "line": 25
      },
      "4": {
        "loc": {
          "start": {
            "line": 26,
            "column": 535
          },
          "end": {
            "line": 38,
            "column": 9
          }
        },
        "type": "if",
        "locations": [
          {
            "start": {
              "line": 26,
              "column": 535
            },
            "end": {
              "line": 38,
              "column": 9
            }
          },
          {
            "start": {},
            "end": {}
          }
        ],
        "line": 26
      },
      "5": {
        "loc": {
          "start": {
            "line": 38,
            "column": 10
          },
          "end": {
            "line": 43,
            "column": 9
          }
        },
        "type": "if",
        "locations": [
          {
            "start": {
              "line": 38,
              "column": 10
            },
            "end": {
              "line": 43,
              "column": 9
            }
          },
          {
            "start": {},
            "end": {}
          }
        ],
        "line": 38
      },
      "6": {
        "loc": {
          "start": {
            "line": 42,
            "column": 29
          },
          "end": {
            "line": 42,
            "column": 51
          }
        },
        "type": "cond-expr",
        "locations": [
          {
            "start": {
              "line": 42,
              "column": 44
            },
            "end": {
              "line": 42,
              "column": 46
            }
          },
          {
            "start": {
              "line": 42,
              "column": 49
            },
            "end": {
              "line": 42,
              "column": 51
            }
          }
        ],
        "line": 42
      },
      "7": {
        "loc": {
          "start": {
            "line": 45,
            "column": 9
          },
          "end": {
            "line": 45,
            "column": 152
          }
        },
        "type": "binary-expr",
        "locations": [
          {
            "start": {
              "line": 45,
              "column": 10
            },
            "end": {
              "line": 45,
              "column": 42
            }
          },
          {
            "start": {
              "line": 45,
              "column": 46
            },
            "end": {
              "line": 45,
              "column": 55
            }
          },
          {
            "start": {
              "line": 45,
              "column": 60
            },
            "end": {
              "line": 45,
              "column": 152
            }
          }
        ],
        "line": 45
      }
    },
    "s": {
      "0": 7,
      "1": 1,
      "2": 1,
      "3": 1,
      "4": 1,
      "5": 1,
      "6": 1,
      "7": 1,
      "8": 1,
      "9": 60,
      "10": 4,
      "11": 4,
      "12": 4,
      "13": 4,
      "14": 4,
      "15": 4,
      "16": 1,
      "17": 1,
      "18": 1,
      "19": 4,
      "20": 4,
      "21": 4,
      "22": 66,
      "23": 4,
      "24": 4,
      "25": 4,
      "26": 4,
      "27": 4,
      "28": 4,
      "29": 4,
      "30": 4,
      "31": 4,
      "32": 4,
      "33": 4,
      "34": 66,
      "35": 62,
      "36": 62,
      "37": 62,
      "38": 62,
      "39": 4,
      "40": 4
    },
    "f": {
      "0": 7,
      "1": 1,
      "2": 60,
      "3": 1,
      "4": 4,
      "5": 66,
      "6": 4
    },
    "b": {
      "0": [
        1,
        6
      ],
      "1": [
        4,
        56
      ],
      "2": [
        4,
        0
      ],
      "3": [
        4,
        4
      ],
      "4": [
        4,
        62
      ],
      "5": [
        62,
        4
      ],
      "6": [
        6,
        56
      ],
      "7": [
        4,
        4,
        4
      ]
    },
    "inputSourceMap": {
      "version": 3,
      "file": "app.js",
      "sourceRoot": "",
      "sources": [
        "/home/nicolaswalter/Ynov/Coordination_Front-Back/Note/frontend/src/app/app.ts",
        "app.html"
      ],
      "names": [],
      "mappings": "AAAA,OAAO,EAAE,SAAS,EAAE,MAAM,EAAE,MAAM,EAAE,MAAM,eAAe,CAAC;AAC1D,OAAO,EAAE,MAAM,EAAE,UAAU,EAAE,YAAY,EAAE,MAAM,iBAAiB,CAAC;;;;ICgI3D,iCAAiE;IAAnB,wKAAS,eAAQ,KAAC;IAAC,sBAAM;IAAA,iBAAS;;;IAEhF,4BAAuB;IAAA,qBAAK;IAAA,iBAAI;;ADzHxC,MAAM,OAAO,GAAG;IACK,KAAK,GAAG,MAAM,CAAC,MAAM,iDAAC,CAAC;IAElC,MAAM,GAAG,MAAM,CAAC,MAAM,CAAC,CAAC;IAEhC,QAAQ,GAAG,CAAC,CAAC,YAAY,CAAC,OAAO,CAAC,OAAO,CAAC,CAAC;IAE3C,MAAM;QACJ,YAAY,CAAC,UAAU,CAAC,OAAO,CAAC,CAAC;QACjC,IAAI,CAAC,QAAQ,GAAG,KAAK,CAAC;QACtB,IAAI,CAAC,MAAM,CAAC,QAAQ,CAAC,CAAC,QAAQ,CAAC,CAAC,CAAC;IACnC,CAAC;6FAXU,GAAG;6DAAH,GAAG;YCgHV,AADF,AADF,AADF,+BAAmB,aACI,aACI,SACjB;YAAA,YAAoB;YAAA,iBAAK;YAC7B,gCAA+B;YACjC,iBAAM;YACN,yBAAiE;YAE/D,AADF,8BAA+F,WACtE;YAAA,qBAAK;YAAA,iBAAI;YAG9B,AAFF,0EAAe,+CAEN;YAKf,AADE,AADE,iBAAM,EACF,EACD;;YAbG,eAAoB;YAApB,6CAAoB;YAMxB,eAIC;YAJD,wCAIC;4BD9HK,YAAY,EAAE,UAAU;;kFAIvB,GAAG"
    },
    "_coverageSchema": "1a1c01bbd47fc00a2c39e90264f33305004495a9",
    "hash": "ff66c4454e403ba4194bcc355b241c9aba85fc9a"
  },
  "/home/nicolaswalter/Ynov/Coordination_Front-Back/Note/frontend/src/main.ts": {
    "path": "/home/nicolaswalter/Ynov/Coordination_Front-Back/Note/frontend/src/main.ts",
    "statementMap": {
      "0": {
        "start": {
          "line": 4,
          "column": 0
        },
        "end": {
          "line": 5,
          "column": 40
        }
      },
      "1": {
        "start": {
          "line": 5,
          "column": 20
        },
        "end": {
          "line": 5,
          "column": 38
        }
      }
    },
    "fnMap": {
      "0": {
        "name": "(anonymous_0)",
        "decl": {
          "start": {
            "line": 5,
            "column": 11
          },
          "end": {
            "line": 5,
            "column": 12
          }
        },
        "loc": {
          "start": {
            "line": 5,
            "column": 20
          },
          "end": {
            "line": 5,
            "column": 38
          }
        },
        "line": 5
      }
    },
    "branchMap": {},
    "s": {
      "0": 4,
      "1": 0
    },
    "f": {
      "0": 0
    },
    "b": {},
    "inputSourceMap": {
      "version": 3,
      "file": "main.js",
      "sourceRoot": "",
      "sources": [
        "/home/nicolaswalter/Ynov/Coordination_Front-Back/Note/frontend/src/main.ts"
      ],
      "names": [],
      "mappings": "AAAA,OAAO,EAAE,oBAAoB,EAAE,MAAM,2BAA2B,CAAC;AACjE,OAAO,EAAE,SAAS,EAAE,MAAM,kBAAkB,CAAC;AAC7C,OAAO,EAAE,GAAG,EAAE,MAAM,WAAW,CAAC;AAEhC,oBAAoB,CAAC,GAAG,EAAE,SAAS,CAAC;KACjC,KAAK,CAAC,CAAC,GAAG,EAAE,EAAE,CAAC,OAAO,CAAC,KAAK,CAAC,GAAG,CAAC,CAAC,CAAC"
    },
    "_coverageSchema": "1a1c01bbd47fc00a2c39e90264f33305004495a9",
    "hash": "e8e9bd58cfc5f2149234ccbd48147f0beeaf3155"
  }
}